[debug] [2019-08-21T15:00:27.094Z] ----------------------------------------------------------------------
[debug] [2019-08-21T15:00:27.095Z] Command:       /home/victorpaolo/.nvm/versions/node/v12.6.0/bin/node /home/victorpaolo/.nvm/versions/node/v12.6.0/bin/firebase deploy
[debug] [2019-08-21T15:00:27.095Z] CLI Version:   7.2.2
[debug] [2019-08-21T15:00:27.095Z] Platform:      linux
[debug] [2019-08-21T15:00:27.096Z] Node Version:  v12.6.0
[debug] [2019-08-21T15:00:27.096Z] Time:          Wed Aug 21 2019 17:00:27 GMT+0200 (GMT+02:00)
[debug] [2019-08-21T15:00:27.096Z] ----------------------------------------------------------------------
[debug] 
[debug] [2019-08-21T15:00:27.099Z] > command requires scopes: ["email","openid","https://www.googleapis.com/auth/cloudplatformprojects.readonly","https://www.googleapis.com/auth/firebase","https://www.googleapis.com/auth/cloud-platform"]
[debug] [2019-08-21T15:00:27.100Z] > authorizing via signed-in user
[debug] [2019-08-21T15:00:27.100Z] [iam] checking project cfa-formulary-app for permissions ["firebase.projects.get","firebasehosting.sites.update"]
[debug] [2019-08-21T15:00:27.101Z] >>> HTTP REQUEST POST https://cloudresourcemanager.googleapis.com/v1/projects/cfa-formulary-app:testIamPermissions  

[debug] [2019-08-21T15:00:28.040Z] <<< HTTP RESPONSE 200
[debug] [2019-08-21T15:00:28.046Z] >>> HTTP REQUEST GET https://firebase.googleapis.com/v1beta1/projects/cfa-formulary-app  
 
[debug] [2019-08-21T15:00:28.338Z] <<< HTTP RESPONSE 200
[info] 
[info] === Deploying to 'cfa-formulary-app'...
[info] 
[info] i  deploying hosting
[debug] [2019-08-21T15:00:28.341Z] >>> HTTP REQUEST POST https://firebasehosting.googleapis.com/v1beta1/sites/cfa-formulary-app/versions  

[debug] [2019-08-21T15:00:29.259Z] <<< HTTP RESPONSE 500
[debug] [2019-08-21T15:00:29.259Z] <<< HTTP RESPONSE BODY
[error] 
[error] Error: HTTP Error: 500, Internal error encountered.
[debug] [2019-08-21T15:00:29.361Z] Error Context: {
  "body": {
    "error": {
      "code": 500,
      "message": "Internal error encountered.",
      "status": "INTERNAL"
    }
  },
  "response": {
    "statusCode": 500,
    "body": {
      "error": {
        "code": 500,
        "message": "Internal error encountered.",
        "status": "INTERNAL"
      }
    },
    "headers": {
      "vary": "X-Origin, Referer, Origin,Accept-Encoding",
      "content-type": "application/json; charset=UTF-8",
      "date": "Wed, 21 Aug 2019 15:00:29 GMT",
      "server": "ESF",
      "cache-control": "private",
      "x-xss-protection": "0",
      "x-frame-options": "SAMEORIGIN",
      "x-content-type-options": "nosniff",
      "alt-svc": "quic=\":443\"; ma=2592000; v=\"46,43,39\"",
      "accept-ranges": "none",
      "transfer-encoding": "chunked"
    },
    "request": {
      "uri": {
        "protocol": "https:",
        "slashes": true,
        "auth": null,
        "host": "firebasehosting.googleapis.com",
        "port": 443,
        "hostname": "firebasehosting.googleapis.com",
        "hash": null,
        "search": null,
        "query": null,
        "pathname": "/v1beta1/sites/cfa-formulary-app/versions",
        "path": "/v1beta1/sites/cfa-formulary-app/versions",
        "href": "https://firebasehosting.googleapis.com/v1beta1/sites/cfa-formulary-app/versions"
      },
      "method": "POST"
    }
  }
}
